<?xml version="1.0" encoding="UTF-8" ?>
<testsuite failures="4" time="14.95" errors="1" skipped="0" tests="30" name="testendpoints.Books.BooksEndpointsInteraction1">
  <properties>
[...]
</properties>
  <testcase time="1.525" classname="testendpoints.Books.BooksEndpointsInteraction1" name="getBookRegisteredDetails"/>
  <testcase time="0.45" classname="testendpoints.Books.BooksEndpointsInteraction1" name="getBookRegisteredDetailsWithoutDetail"/>
  <testcase time="0.503" classname="testendpoints.Books.BooksEndpointsInteraction1" name="getTerritories"/>
  <testcase time="1.231" classname="testendpoints.Books.BooksEndpointsInteraction1" name="getAuthors"/>
  <testcase time="0.383" classname="testendpoints.Books.BooksEndpointsInteraction1" name="getAuthorsSendingStringTerritory"/>
  <testcase time="0.349" classname="testendpoints.Books.BooksEndpointsInteraction1" name="getAuthorsSendingNoTerritory"/>
  <testcase time="0.374" classname="testendpoints.Books.BooksEndpointsInteraction1" name="getAuthorsSendingInvalidValuesTerritory"/>
  <testcase time="0.275" classname="testendpoints.Books.BooksEndpointsInteraction1" name="getAuthorsSendingInvalidValuesTerritoryAndSchool"/>
  <testcase time="0.297" classname="testendpoints.Books.BooksEndpointsInteraction1" name="getAuthorsSendingInvalidValuesSchool"/>
  <testcase time="0.293" classname="testendpoints.Books.BooksEndpointsInteraction1" name="getAuthorsWithoutSchool"/>
  <testcase time="0.305" classname="testendpoints.Books.BooksEndpointsInteraction1" name="getSchools"/>
  <testcase time="0.328" classname="testendpoints.Books.BooksEndpointsInteraction1" name="getSchoolsSendingStringTerritory"/>
  <testcase time="0.316" classname="testendpoints.Books.BooksEndpointsInteraction1" name="getSchoolsSendingNoTerritory"/>
  <testcase time="0.236" classname="testendpoints.Books.BooksEndpointsInteraction1" name="getSchoolsSendingInvalidValuesTerritory"/>
  <testcase time="0.285" classname="testendpoints.Books.BooksEndpointsInteraction1" name="getSalesRepReportSendingStringTerritory"/>
  <testcase time="0.27" classname="testendpoints.Books.BooksEndpointsInteraction1" name="getSalesRepReportSendingNoTerritory"/>
  <testcase time="0.244" classname="testendpoints.Books.BooksEndpointsInteraction1" name="getSalesRepReportSendingInvalidValuesTerritory"/>
  <testcase time="0.727" classname="testendpoints.Books.BooksEndpointsInteraction1" name="getSalesRepReportSendingInvalidValuesTerritoryAndSchool"/>
  <testcase time="0.356" classname="testendpoints.Books.BooksEndpointsInteraction1" name="getSalesRepReportSendingInvalidValuesSchool"/>
  <testcase time="0.328" classname="testendpoints.Books.BooksEndpointsInteraction1" name="getSalesRepReportsWithoutSchool"/>
  <testcase time="0.367" classname="testendpoints.Books.BooksEndpointsInteraction1" name="getSalesRepReportSendingInvalidAuthor">
    <failure message="expected:&lt;200&gt; but was:&lt;500&gt;" type="java.lang.AssertionError">java.lang.AssertionError: expected:&lt;200&gt; but was:&lt;500&gt;
	at org.junit.Assert.fail(Assert.java:93)
	at org.junit.Assert.failNotEquals(Assert.java:647)
	at org.junit.Assert.assertEquals(Assert.java:128)
	at org.junit.Assert.assertEquals(Assert.java:472)
	at org.junit.Assert.assertEquals(Assert.java:456)
	at testendpoints.Books.BooksEndpointsInteraction1.getSalesRepReportSendingInvalidAuthor(BooksEndpointsInteraction1.java:474)
	at sun.reflect.NativeMethodAccessorImpl.invoke0(Native Method)
	at sun.reflect.NativeMethodAccessorImpl.invoke(NativeMethodAccessorImpl.java:39)
	at sun.reflect.DelegatingMethodAccessorImpl.invoke(DelegatingMethodAccessorImpl.java:25)
	at java.lang.reflect.Method.invoke(Method.java:597)
	at org.junit.runners.model.FrameworkMethod$1.runReflectiveCall(FrameworkMethod.java:45)
	at org.junit.internal.runners.model.ReflectiveCallable.run(ReflectiveCallable.java:15)
	at org.junit.runners.model.FrameworkMethod.invokeExplosively(FrameworkMethod.java:42)
	at org.junit.internal.runners.statements.InvokeMethod.evaluate(InvokeMethod.java:20)
	at org.junit.runners.ParentRunner.runLeaf(ParentRunner.java:263)
	at org.junit.runners.BlockJUnit4ClassRunner.runChild(BlockJUnit4ClassRunner.java:68)
	at org.junit.runners.BlockJUnit4ClassRunner.runChild(BlockJUnit4ClassRunner.java:47)
	at org.junit.runners.ParentRunner$3.run(ParentRunner.java:231)
	at org.junit.runners.ParentRunner$1.schedule(ParentRunner.java:60)
	at org.junit.runners.ParentRunner.runChildren(ParentRunner.java:229)
	at org.junit.runners.ParentRunner.access$000(ParentRunner.java:50)
	at org.junit.runners.ParentRunner$2.evaluate(ParentRunner.java:222)
	at org.junit.runners.ParentRunner.run(ParentRunner.java:300)
	at org.apache.maven.surefire.junit4.JUnit4TestSet.execute(JUnit4TestSet.java:35)
	at org.apache.maven.surefire.junit4.JUnit4Provider.executeTestSet(JUnit4Provider.java:115)
	at org.apache.maven.surefire.junit4.JUnit4Provider.invoke(JUnit4Provider.java:97)
	at sun.reflect.NativeMethodAccessorImpl.invoke0(Native Method)
	at sun.reflect.NativeMethodAccessorImpl.invoke(NativeMethodAccessorImpl.java:39)
	at sun.reflect.DelegatingMethodAccessorImpl.invoke(DelegatingMethodAccessorImpl.java:25)
	at java.lang.reflect.Method.invoke(Method.java:597)
	at org.apache.maven.surefire.booter.ProviderFactory$ClassLoaderProxy.invoke(ProviderFactory.java:103)
	at com.sun.proxy.$Proxy0.invoke(Unknown Source)
	at org.apache.maven.surefire.booter.SurefireStarter.invokeProvider(SurefireStarter.java:150)
	at org.apache.maven.surefire.booter.SurefireStarter.runSuitesInProcess(SurefireStarter.java:91)
	at org.apache.maven.surefire.booter.ForkedBooter.main(ForkedBooter.java:69)
</failure>
    <system-err>Aug 5, 2013 4:40:27 PM testendpoints.Books.BooksEndpointsInteraction1 getSalesRepReportSendingInvalidAuthor
INFO: Method: getSalesRepReportSendingInvalidAuthor , Results:
Aug 5, 2013 4:40:27 PM testendpoints.Books.BooksEndpointsInteraction1 getSalesRepReportSendingInvalidAuthor
INFO: {&quot;status&quot;:&quot;error&quot;,&quot;errorCode&quot;:&quot;500&quot;,&quot;message&quot;:&quot;1&quot;}
</system-err>
  </testcase>
  <testcase time="0.756" classname="testendpoints.Books.BooksEndpointsInteraction1" name="getSalesRepReportSendingInvalidValuesAuthor">
    <failure message="expected:&lt;200&gt; but was:&lt;500&gt;" type="java.lang.AssertionError">java.lang.AssertionError: expected:&lt;200&gt; but was:&lt;500&gt;
	at org.junit.Assert.fail(Assert.java:93)
	at org.junit.Assert.failNotEquals(Assert.java:647)
	at org.junit.Assert.assertEquals(Assert.java:128)
	at org.junit.Assert.assertEquals(Assert.java:472)
	at org.junit.Assert.assertEquals(Assert.java:456)
	at testendpoints.Books.BooksEndpointsInteraction1.getSalesRepReportSendingInvalidValuesAuthor(BooksEndpointsInteraction1.java:498)
	at sun.reflect.NativeMethodAccessorImpl.invoke0(Native Method)
	at sun.reflect.NativeMethodAccessorImpl.invoke(NativeMethodAccessorImpl.java:39)
	at sun.reflect.DelegatingMethodAccessorImpl.invoke(DelegatingMethodAccessorImpl.java:25)
	at java.lang.reflect.Method.invoke(Method.java:597)
	at org.junit.runners.model.FrameworkMethod$1.runReflectiveCall(FrameworkMethod.java:45)
	at org.junit.internal.runners.model.ReflectiveCallable.run(ReflectiveCallable.java:15)
	at org.junit.runners.model.FrameworkMethod.invokeExplosively(FrameworkMethod.java:42)
	at org.junit.internal.runners.statements.InvokeMethod.evaluate(InvokeMethod.java:20)
	at org.junit.runners.ParentRunner.runLeaf(ParentRunner.java:263)
	at org.junit.runners.BlockJUnit4ClassRunner.runChild(BlockJUnit4ClassRunner.java:68)
	at org.junit.runners.BlockJUnit4ClassRunner.runChild(BlockJUnit4ClassRunner.java:47)
	at org.junit.runners.ParentRunner$3.run(ParentRunner.java:231)
	at org.junit.runners.ParentRunner$1.schedule(ParentRunner.java:60)
	at org.junit.runners.ParentRunner.runChildren(ParentRunner.java:229)
	at org.junit.runners.ParentRunner.access$000(ParentRunner.java:50)
	at org.junit.runners.ParentRunner$2.evaluate(ParentRunner.java:222)
	at org.junit.runners.ParentRunner.run(ParentRunner.java:300)
	at org.apache.maven.surefire.junit4.JUnit4TestSet.execute(JUnit4TestSet.java:35)
	at org.apache.maven.surefire.junit4.JUnit4Provider.executeTestSet(JUnit4Provider.java:115)
	at org.apache.maven.surefire.junit4.JUnit4Provider.invoke(JUnit4Provider.java:97)
	at sun.reflect.NativeMethodAccessorImpl.invoke0(Native Method)
	at sun.reflect.NativeMethodAccessorImpl.invoke(NativeMethodAccessorImpl.java:39)
	at sun.reflect.DelegatingMethodAccessorImpl.invoke(DelegatingMethodAccessorImpl.java:25)
	at java.lang.reflect.Method.invoke(Method.java:597)
	at org.apache.maven.surefire.booter.ProviderFactory$ClassLoaderProxy.invoke(ProviderFactory.java:103)
	at com.sun.proxy.$Proxy0.invoke(Unknown Source)
	at org.apache.maven.surefire.booter.SurefireStarter.invokeProvider(SurefireStarter.java:150)
	at org.apache.maven.surefire.booter.SurefireStarter.runSuitesInProcess(SurefireStarter.java:91)
	at org.apache.maven.surefire.booter.ForkedBooter.main(ForkedBooter.java:69)
</failure>
    <system-err>Aug 5, 2013 4:40:27 PM testendpoints.Books.BooksEndpointsInteraction1 getSalesRepReportSendingInvalidValuesAuthor
INFO: Method: getSalesRepReportSendingInvalidAuthor , Results:
Aug 5, 2013 4:40:27 PM testendpoints.Books.BooksEndpointsInteraction1 getSalesRepReportSendingInvalidValuesAuthor
INFO: {&quot;status&quot;:&quot;error&quot;,&quot;errorCode&quot;:&quot;500&quot;,&quot;message&quot;:&quot;1&quot;}
</system-err>
  </testcase>
  <testcase time="0.359" classname="testendpoints.Books.BooksEndpointsInteraction1" name="getSalesRepReportSendingJustOneValueAuthor"/>
  <testcase time="0.369" classname="testendpoints.Books.BooksEndpointsInteraction1" name="getSalesRepReport"/>
  <testcase time="0.433" classname="testendpoints.Books.BooksEndpointsInteraction1" name="getBookCCCOrders"/>
  <testcase time="0.3" classname="testendpoints.Books.BooksEndpointsInteraction1" name="getBookCCCOrdersWithoutParameter"/>
  <testcase time="0.344" classname="testendpoints.Books.BooksEndpointsInteraction1" name="getBookCCCOrdersInvalidParameter"/>
  <testcase time="1.944" classname="testendpoints.Books.BooksEndpointsInteraction1" name="checkOrderDetailStatus">
    <failure message="expected:&lt;200&gt; but was:&lt;404&gt;" type="java.lang.AssertionError">java.lang.AssertionError: expected:&lt;200&gt; but was:&lt;404&gt;
	at org.junit.Assert.fail(Assert.java:93)
	at org.junit.Assert.failNotEquals(Assert.java:647)
	at org.junit.Assert.assertEquals(Assert.java:128)
	at org.junit.Assert.assertEquals(Assert.java:472)
	at org.junit.Assert.assertEquals(Assert.java:456)
	at testendpoints.Books.BooksEndpointsInteraction1.checkOrderDetailStatus(BooksEndpointsInteraction1.java:624)
	at sun.reflect.NativeMethodAccessorImpl.invoke0(Native Method)
	at sun.reflect.NativeMethodAccessorImpl.invoke(NativeMethodAccessorImpl.java:39)
	at sun.reflect.DelegatingMethodAccessorImpl.invoke(DelegatingMethodAccessorImpl.java:25)
	at java.lang.reflect.Method.invoke(Method.java:597)
	at org.junit.runners.model.FrameworkMethod$1.runReflectiveCall(FrameworkMethod.java:45)
	at org.junit.internal.runners.model.ReflectiveCallable.run(ReflectiveCallable.java:15)
	at org.junit.runners.model.FrameworkMethod.invokeExplosively(FrameworkMethod.java:42)
	at org.junit.internal.runners.statements.InvokeMethod.evaluate(InvokeMethod.java:20)
	at org.junit.runners.ParentRunner.runLeaf(ParentRunner.java:263)
	at org.junit.runners.BlockJUnit4ClassRunner.runChild(BlockJUnit4ClassRunner.java:68)
	at org.junit.runners.BlockJUnit4ClassRunner.runChild(BlockJUnit4ClassRunner.java:47)
	at org.junit.runners.ParentRunner$3.run(ParentRunner.java:231)
	at org.junit.runners.ParentRunner$1.schedule(ParentRunner.java:60)
	at org.junit.runners.ParentRunner.runChildren(ParentRunner.java:229)
	at org.junit.runners.ParentRunner.access$000(ParentRunner.java:50)
	at org.junit.runners.ParentRunner$2.evaluate(ParentRunner.java:222)
	at org.junit.runners.ParentRunner.run(ParentRunner.java:300)
	at org.apache.maven.surefire.junit4.JUnit4TestSet.execute(JUnit4TestSet.java:35)
	at org.apache.maven.surefire.junit4.JUnit4Provider.executeTestSet(JUnit4Provider.java:115)
	at org.apache.maven.surefire.junit4.JUnit4Provider.invoke(JUnit4Provider.java:97)
	at sun.reflect.NativeMethodAccessorImpl.invoke0(Native Method)
	at sun.reflect.NativeMethodAccessorImpl.invoke(NativeMethodAccessorImpl.java:39)
	at sun.reflect.DelegatingMethodAccessorImpl.invoke(DelegatingMethodAccessorImpl.java:25)
	at java.lang.reflect.Method.invoke(Method.java:597)
	at org.apache.maven.surefire.booter.ProviderFactory$ClassLoaderProxy.invoke(ProviderFactory.java:103)
	at com.sun.proxy.$Proxy0.invoke(Unknown Source)
	at org.apache.maven.surefire.booter.SurefireStarter.invokeProvider(SurefireStarter.java:150)
	at org.apache.maven.surefire.booter.SurefireStarter.runSuitesInProcess(SurefireStarter.java:91)
	at org.apache.maven.surefire.booter.ForkedBooter.main(ForkedBooter.java:69)
</failure>
    <system-err>Aug 5, 2013 4:40:31 PM testendpoints.Books.BooksEndpointsInteraction1 checkOrderDetailStatus
INFO: Method: checkOrderDetailStatus, Results:
Aug 5, 2013 4:40:31 PM testendpoints.Books.BooksEndpointsInteraction1 checkOrderDetailStatus
INFO: {&quot;status&quot;:&quot;error&quot;,&quot;errorCode&quot;:&quot;101&quot;,&quot;message&quot;:&quot;CCC_201 Unauthorized access. Username provided does not have the privilege to access the order with the ID specified.&quot;}
</system-err>
  </testcase>
  <testcase time="0.851" classname="testendpoints.Books.BooksEndpointsInteraction1" name="checkOrderDetailStatusSendingInvalidOrderStatus">
    <failure message="expected:&lt;200&gt; but was:&lt;404&gt;" type="java.lang.AssertionError">java.lang.AssertionError: expected:&lt;200&gt; but was:&lt;404&gt;
	at org.junit.Assert.fail(Assert.java:93)
	at org.junit.Assert.failNotEquals(Assert.java:647)
	at org.junit.Assert.assertEquals(Assert.java:128)
	at org.junit.Assert.assertEquals(Assert.java:472)
	at org.junit.Assert.assertEquals(Assert.java:456)
	at testendpoints.Books.BooksEndpointsInteraction1.checkOrderDetailStatusSendingInvalidOrderStatus(BooksEndpointsInteraction1.java:643)
	at sun.reflect.NativeMethodAccessorImpl.invoke0(Native Method)
	at sun.reflect.NativeMethodAccessorImpl.invoke(NativeMethodAccessorImpl.java:39)
	at sun.reflect.DelegatingMethodAccessorImpl.invoke(DelegatingMethodAccessorImpl.java:25)
	at java.lang.reflect.Method.invoke(Method.java:597)
	at org.junit.runners.model.FrameworkMethod$1.runReflectiveCall(FrameworkMethod.java:45)
	at org.junit.internal.runners.model.ReflectiveCallable.run(ReflectiveCallable.java:15)
	at org.junit.runners.model.FrameworkMethod.invokeExplosively(FrameworkMethod.java:42)
	at org.junit.internal.runners.statements.InvokeMethod.evaluate(InvokeMethod.java:20)
	at org.junit.runners.ParentRunner.runLeaf(ParentRunner.java:263)
	at org.junit.runners.BlockJUnit4ClassRunner.runChild(BlockJUnit4ClassRunner.java:68)
	at org.junit.runners.BlockJUnit4ClassRunner.runChild(BlockJUnit4ClassRunner.java:47)
	at org.junit.runners.ParentRunner$3.run(ParentRunner.java:231)
	at org.junit.runners.ParentRunner$1.schedule(ParentRunner.java:60)
	at org.junit.runners.ParentRunner.runChildren(ParentRunner.java:229)
	at org.junit.runners.ParentRunner.access$000(ParentRunner.java:50)
	at org.junit.runners.ParentRunner$2.evaluate(ParentRunner.java:222)
	at org.junit.runners.ParentRunner.run(ParentRunner.java:300)
	at org.apache.maven.surefire.junit4.JUnit4TestSet.execute(JUnit4TestSet.java:35)
	at org.apache.maven.surefire.junit4.JUnit4Provider.executeTestSet(JUnit4Provider.java:115)
	at org.apache.maven.surefire.junit4.JUnit4Provider.invoke(JUnit4Provider.java:97)
	at sun.reflect.NativeMethodAccessorImpl.invoke0(Native Method)
	at sun.reflect.NativeMethodAccessorImpl.invoke(NativeMethodAccessorImpl.java:39)
	at sun.reflect.DelegatingMethodAccessorImpl.invoke(DelegatingMethodAccessorImpl.java:25)
	at java.lang.reflect.Method.invoke(Method.java:597)
	at org.apache.maven.surefire.booter.ProviderFactory$ClassLoaderProxy.invoke(ProviderFactory.java:103)
	at com.sun.proxy.$Proxy0.invoke(Unknown Source)
	at org.apache.maven.surefire.booter.SurefireStarter.invokeProvider(SurefireStarter.java:150)
	at org.apache.maven.surefire.booter.SurefireStarter.runSuitesInProcess(SurefireStarter.java:91)
	at org.apache.maven.surefire.booter.ForkedBooter.main(ForkedBooter.java:69)
</failure>
    <system-err>Aug 5, 2013 4:40:32 PM testendpoints.Books.BooksEndpointsInteraction1 checkOrderDetailStatusSendingInvalidOrderStatus
INFO: Method: checkOrderDetailStatusSendingInvalidOrderStatus, Results:
Aug 5, 2013 4:40:32 PM testendpoints.Books.BooksEndpointsInteraction1 checkOrderDetailStatusSendingInvalidOrderStatus
INFO: {&quot;status&quot;:&quot;error&quot;,&quot;errorCode&quot;:&quot;101&quot;,&quot;message&quot;:&quot;CCC_002 This request failed for technical reasons. Contact customer support.&quot;}
</system-err>
  </testcase>
  <testcase time="0.048" classname="testendpoints.Books.BooksEndpointsInteraction1" name="checkOrderDetailStatusSendingInvalidCharactersInOrderStatus">
    <error type="java.lang.IllegalArgumentException">java.lang.IllegalArgumentException
	at java.net.URI.create(URI.java:841)
	at com.sun.jersey.api.client.Client.resource(Client.java:433)
	at testendpoints.util.BaseTest.getWebResponse(BaseTest.java:56)
	at testendpoints.Books.BooksEndpointsInteraction1.checkOrderDetailStatusSendingInvalidCharactersInOrderStatus(BooksEndpointsInteraction1.java:655)
	at sun.reflect.NativeMethodAccessorImpl.invoke0(Native Method)
	at sun.reflect.NativeMethodAccessorImpl.invoke(NativeMethodAccessorImpl.java:39)
	at sun.reflect.DelegatingMethodAccessorImpl.invoke(DelegatingMethodAccessorImpl.java:25)
	at java.lang.reflect.Method.invoke(Method.java:597)
	at org.junit.runners.model.FrameworkMethod$1.runReflectiveCall(FrameworkMethod.java:45)
	at org.junit.internal.runners.model.ReflectiveCallable.run(ReflectiveCallable.java:15)
	at org.junit.runners.model.FrameworkMethod.invokeExplosively(FrameworkMethod.java:42)
	at org.junit.internal.runners.statements.InvokeMethod.evaluate(InvokeMethod.java:20)
	at org.junit.runners.ParentRunner.runLeaf(ParentRunner.java:263)
	at org.junit.runners.BlockJUnit4ClassRunner.runChild(BlockJUnit4ClassRunner.java:68)
	at org.junit.runners.BlockJUnit4ClassRunner.runChild(BlockJUnit4ClassRunner.java:47)
	at org.junit.runners.ParentRunner$3.run(ParentRunner.java:231)
	at org.junit.runners.ParentRunner$1.schedule(ParentRunner.java:60)
	at org.junit.runners.ParentRunner.runChildren(ParentRunner.java:229)
	at org.junit.runners.ParentRunner.access$000(ParentRunner.java:50)
	at org.junit.runners.ParentRunner$2.evaluate(ParentRunner.java:222)
	at org.junit.runners.ParentRunner.run(ParentRunner.java:300)
	at org.apache.maven.surefire.junit4.JUnit4TestSet.execute(JUnit4TestSet.java:35)
	at org.apache.maven.surefire.junit4.JUnit4Provider.executeTestSet(JUnit4Provider.java:115)
	at org.apache.maven.surefire.junit4.JUnit4Provider.invoke(JUnit4Provider.java:97)
	at sun.reflect.NativeMethodAccessorImpl.invoke0(Native Method)
	at sun.reflect.NativeMethodAccessorImpl.invoke(NativeMethodAccessorImpl.java:39)
	at sun.reflect.DelegatingMethodAccessorImpl.invoke(DelegatingMethodAccessorImpl.java:25)
	at java.lang.reflect.Method.invoke(Method.java:597)
	at org.apache.maven.surefire.booter.ProviderFactory$ClassLoaderProxy.invoke(ProviderFactory.java:103)
	at com.sun.proxy.$Proxy0.invoke(Unknown Source)
	at org.apache.maven.surefire.booter.SurefireStarter.invokeProvider(SurefireStarter.java:150)
	at org.apache.maven.surefire.booter.SurefireStarter.runSuitesInProcess(SurefireStarter.java:91)
	at org.apache.maven.surefire.booter.ForkedBooter.main(ForkedBooter.java:69)
Caused by: java.net.URISyntaxException: Illegal character in fragment at index 82: http://dev-mycontent.bluesky.lognllc.com:80/csg/api/v1/books/orders/details/@@@@@####/status
	at java.net.URI$Parser.fail(URI.java:2810)
	at java.net.URI$Parser.checkChars(URI.java:2983)
	at java.net.URI$Parser.parse(URI.java:3029)
	at java.net.URI.&lt;init&gt;(URI.java:577)
	at java.net.URI.create(URI.java:839)
	... 32 more
</error>
  </testcase>
</testsuite>