<?xml version="1.0" encoding="UTF-8"?>
<!-- Generated by org.testng.reporters.JUnitXMLReporter -->
<testsuite hostname="Lucy-Didiers-MacBook-Pro.local" name="Login Test - Login Success - PGA Site" tests="5" failures="0" timestamp="2 Jul 2013 23:05:56 GMT" time="1228.647" errors="0">
  <testcase name="openSite" time="13.325" classname="BlueSky.Login"/>
  <testcase name="clikOnSingIn" time="10.137" classname="BlueSky.Login"/>
  <testcase name="enterUserInformation" time="0.58" classname="BlueSky.Login"/>
  <testcase name="clickSingInButton" time="0.069" classname="BlueSky.Login"/>
  <testcase name="verifyLogged" time="1201.731" classname="BlueSky.Login"/>
</testsuite> <!-- Login Test - Login Success - PGA Site -->
